[2026-06-08T21:26:37.601Z] [debug] [vite] connecting...
[2026-06-08T21:26:37.684Z] [debug] [vite] connected.
[2026-06-08T21:26:37.801Z] [info] %cDownload the React DevTools for a better development experience: https://reactjs.org/link/react-devtools font-weight:bold
[2026-06-08T21:26:37.842Z] [warning] ⚠️ React Router Future Flag Warning: React Router will begin wrapping state updates in `React.startTransition` in v7. You can use the `v7_startTransition` future flag to opt-in early. For more information, see https://reactrouter.com/v6/upgrading/future#v7_starttransition.
[2026-06-08T21:26:37.842Z] [warning] ⚠️ React Router Future Flag Warning: Relative route resolution within Splat routes is changing in v7. You can use the `v7_relativeSplatPath` future flag to opt-in early. For more information, see https://reactrouter.com/v6/upgrading/future#v7_relativesplatpath.
[2026-06-08T21:26:38.322Z] [warning] Clerk: Clerk has been loaded with development keys. Development instances have strict usage limits and should not be used when deploying your application to production. Learn more: https://clerk.com/docs/deployments/overview
[2026-06-08T21:26:57.765Z] [debug] [vite] connecting...
[2026-06-08T21:26:57.766Z] [debug] [vite] connected.
[2026-06-08T21:26:57.769Z] [info] %cDownload the React DevTools for a better development experience: https://reactjs.org/link/react-devtools font-weight:bold
[2026-06-08T21:26:57.779Z] [warning] ⚠️ React Router Future Flag Warning: React Router will begin wrapping state updates in `React.startTransition` in v7. You can use the `v7_startTransition` future flag to opt-in early. For more information, see https://reactrouter.com/v6/upgrading/future#v7_starttransition.
[2026-06-08T21:26:57.779Z] [warning] ⚠️ React Router Future Flag Warning: Relative route resolution within Splat routes is changing in v7. You can use the `v7_relativeSplatPath` future flag to opt-in early. For more information, see https://reactrouter.com/v6/upgrading/future#v7_relativesplatpath.
[2026-06-08T21:26:57.977Z] [warning] Clerk: Clerk has been loaded with development keys. Development instances have strict usage limits and should not be used when deploying your application to production. Learn more: https://clerk.com/docs/deployments/overview
[2026-06-08T21:29:55.200Z] [debug] [vite] hot updated: /src/styles/app.css
[2026-06-08T21:30:10.639Z] [debug] [vite] hot updated: /src/styles/app.css
[2026-06-08T21:30:26.235Z] [debug] [vite] hot updated: /src/styles/app.css
[2026-06-08T21:30:36.703Z] [debug] [vite] connecting...
[2026-06-08T21:30:36.704Z] [debug] [vite] connected.
[2026-06-08T21:30:36.747Z] [info] %cDownload the React DevTools for a better development experience: https://reactjs.org/link/react-devtools font-weight:bold
[2026-06-08T21:30:36.764Z] [warning] ⚠️ React Router Future Flag Warning: React Router will begin wrapping state updates in `React.startTransition` in v7. You can use the `v7_startTransition` future flag to opt-in early. For more information, see https://reactrouter.com/v6/upgrading/future#v7_starttransition.
[2026-06-08T21:30:36.764Z] [warning] ⚠️ React Router Future Flag Warning: Relative route resolution within Splat routes is changing in v7. You can use the `v7_relativeSplatPath` future flag to opt-in early. For more information, see https://reactrouter.com/v6/upgrading/future#v7_relativesplatpath.
[2026-06-08T21:30:36.960Z] [warning] Clerk: Clerk has been loaded with development keys. Development instances have strict usage limits and should not be used when deploying your application to production. Learn more: https://clerk.com/docs/deployments/overview
[2026-06-08T21:30:53.143Z] [debug] [vite] connecting...
[2026-06-08T21:30:53.145Z] [debug] [vite] connected.
[2026-06-08T21:30:53.178Z] [info] %cDownload the React DevTools for a better development experience: https://reactjs.org/link/react-devtools font-weight:bold
[2026-06-08T21:30:53.192Z] [warning] ⚠️ React Router Future Flag Warning: React Router will begin wrapping state updates in `React.startTransition` in v7. You can use the `v7_startTransition` future flag to opt-in early. For more information, see https://reactrouter.com/v6/upgrading/future#v7_starttransition.
[2026-06-08T21:30:53.192Z] [warning] ⚠️ React Router Future Flag Warning: Relative route resolution within Splat routes is changing in v7. You can use the `v7_relativeSplatPath` future flag to opt-in early. For more information, see https://reactrouter.com/v6/upgrading/future#v7_relativesplatpath.
[2026-06-08T21:30:53.391Z] [warning] Clerk: Clerk has been loaded with development keys. Development instances have strict usage limits and should not be used when deploying your application to production. Learn more: https://clerk.com/docs/deployments/overview
[2026-06-08T21:37:17.969Z] [error] Failed to load resource: the server responded with a status of 500 (Internal Server Error)
[2026-06-08T21:37:17.970Z] [error] [vite] Failed to reload /src/pages/endpoint-detail/EndpointHeader.tsx. This could be due to syntax errors or importing non-existent modules. (see errors above)
[2026-06-08T21:37:17.983Z] [debug] [vite] hot updated: /src/pages/endpoint-detail/EndpointHeader.tsx
[2026-06-08T21:37:17.983Z] [debug] [vite] hot updated: /src/styles/app.css
[2026-06-08T21:37:22.307Z] [debug] [vite] hot updated: /src/pages/endpoint-detail/EndpointHeader.tsx
[2026-06-08T21:37:22.307Z] [debug] [vite] hot updated: /src/styles/app.css
[2026-06-08T21:37:32.108Z] [debug] [vite] connecting...
[2026-06-08T21:37:32.110Z] [debug] [vite] connected.
[2026-06-08T21:37:32.142Z] [info] %cDownload the React DevTools for a better development experience: https://reactjs.org/link/react-devtools font-weight:bold
[2026-06-08T21:37:32.154Z] [warning] ⚠️ React Router Future Flag Warning: React Router will begin wrapping state updates in `React.startTransition` in v7. You can use the `v7_startTransition` future flag to opt-in early. For more information, see https://reactrouter.com/v6/upgrading/future#v7_starttransition.
[2026-06-08T21:37:32.154Z] [warning] ⚠️ React Router Future Flag Warning: Relative route resolution within Splat routes is changing in v7. You can use the `v7_relativeSplatPath` future flag to opt-in early. For more information, see https://reactrouter.com/v6/upgrading/future#v7_relativesplatpath.
[2026-06-08T21:37:32.352Z] [warning] Clerk: Clerk has been loaded with development keys. Development instances have strict usage limits and should not be used when deploying your application to production. Learn more: https://clerk.com/docs/deployments/overview
[2026-06-08T21:37:45.999Z] [debug] [vite] hot updated: /src/pages/endpoint-detail/EndpointHeader.tsx
[2026-06-08T21:37:45.999Z] [debug] [vite] hot updated: /src/styles/app.css
[2026-06-08T21:37:50.039Z] [debug] [vite] connecting...
[2026-06-08T21:37:50.040Z] [debug] [vite] connected.
[2026-06-08T21:37:50.041Z] [info] %cDownload the React DevTools for a better development experience: https://reactjs.org/link/react-devtools font-weight:bold
[2026-06-08T21:37:50.052Z] [warning] ⚠️ React Router Future Flag Warning: React Router will begin wrapping state updates in `React.startTransition` in v7. You can use the `v7_startTransition` future flag to opt-in early. For more information, see https://reactrouter.com/v6/upgrading/future#v7_starttransition.
[2026-06-08T21:37:50.052Z] [warning] ⚠️ React Router Future Flag Warning: Relative route resolution within Splat routes is changing in v7. You can use the `v7_relativeSplatPath` future flag to opt-in early. For more information, see https://reactrouter.com/v6/upgrading/future#v7_relativesplatpath.
[2026-06-08T21:37:50.254Z] [warning] Clerk: Clerk has been loaded with development keys. Development instances have strict usage limits and should not be used when deploying your application to production. Learn more: https://clerk.com/docs/deployments/overview
[2026-06-08T21:38:11.832Z] [error] Failed to load resource: the server responded with a status of 500 (Internal Server Error)
[2026-06-08T21:38:11.832Z] [error] [vite] Failed to reload /src/pages/endpoint-detail/EndpointHeader.tsx. This could be due to syntax errors or importing non-existent modules. (see errors above)
[2026-06-08T21:38:11.842Z] [debug] [vite] hot updated: /src/pages/endpoint-detail/EndpointHeader.tsx
[2026-06-08T21:38:11.842Z] [debug] [vite] hot updated: /src/styles/app.css
[2026-06-08T21:38:16.240Z] [debug] [vite] hot updated: /src/pages/endpoint-detail/EndpointHeader.tsx
[2026-06-08T21:38:16.240Z] [debug] [vite] hot updated: /src/styles/app.css
[2026-06-08T21:38:23.063Z] [error] Failed to load resource: the server responded with a status of 500 (Internal Server Error)
[2026-06-08T21:38:23.063Z] [error] [vite] Failed to reload /src/pages/EndpointDetailPage.tsx. This could be due to syntax errors or importing non-existent modules. (see errors above)
[2026-06-08T21:38:23.079Z] [debug] [vite] hot updated: /src/pages/EndpointDetailPage.tsx
[2026-06-08T21:38:23.079Z] [debug] [vite] hot updated: /src/styles/app.css
[2026-06-08T21:38:30.900Z] [debug] [vite] hot updated: /src/pages/EndpointDetailPage.tsx
[2026-06-08T21:38:30.900Z] [debug] [vite] hot updated: /src/styles/app.css
[2026-06-08T21:38:34.594Z] [debug] [vite] connecting...
[2026-06-08T21:38:34.595Z] [debug] [vite] connected.
[2026-06-08T21:38:34.626Z] [info] %cDownload the React DevTools for a better development experience: https://reactjs.org/link/react-devtools font-weight:bold
[2026-06-08T21:38:34.639Z] [warning] ⚠️ React Router Future Flag Warning: React Router will begin wrapping state updates in `React.startTransition` in v7. You can use the `v7_startTransition` future flag to opt-in early. For more information, see https://reactrouter.com/v6/upgrading/future#v7_starttransition.
[2026-06-08T21:38:34.639Z] [warning] ⚠️ React Router Future Flag Warning: Relative route resolution within Splat routes is changing in v7. You can use the `v7_relativeSplatPath` future flag to opt-in early. For more information, see https://reactrouter.com/v6/upgrading/future#v7_relativesplatpath.
[2026-06-08T21:38:34.937Z] [warning] Clerk: Clerk has been loaded with development keys. Development instances have strict usage limits and should not be used when deploying your application to production. Learn more: https://clerk.com/docs/deployments/overview
[2026-06-08T21:38:43.687Z] [error] WebSocket connection to 'ws://localhost:5173/?token=pU4bBaGvaRyN' failed: 
[2026-06-08T21:38:43.687Z] [log] [vite] server connection lost. Polling for restart...
[2026-06-08T21:38:43.710Z] [error] WebSocket connection to 'ws://localhost:5173/' failed: Error in connection establishment: net::ERR_CONNECTION_REFUSED
[2026-06-08T21:38:44.712Z] [error] WebSocket connection to 'ws://localhost:5173/' failed: Error in connection establishment: net::ERR_CONNECTION_REFUSED
[2026-06-08T21:38:45.849Z] [debug] [vite] connecting...
[2026-06-08T21:38:45.861Z] [debug] [vite] connected.
[2026-06-08T21:38:46.104Z] [info] %cDownload the React DevTools for a better development experience: https://reactjs.org/link/react-devtools font-weight:bold
[2026-06-08T21:38:46.115Z] [warning] ⚠️ React Router Future Flag Warning: React Router will begin wrapping state updates in `React.startTransition` in v7. You can use the `v7_startTransition` future flag to opt-in early. For more information, see https://reactrouter.com/v6/upgrading/future#v7_starttransition.
[2026-06-08T21:38:46.115Z] [warning] ⚠️ React Router Future Flag Warning: Relative route resolution within Splat routes is changing in v7. You can use the `v7_relativeSplatPath` future flag to opt-in early. For more information, see https://reactrouter.com/v6/upgrading/future#v7_relativesplatpath.
[2026-06-08T21:38:46.513Z] [warning] Clerk: Clerk has been loaded with development keys. Development instances have strict usage limits and should not be used when deploying your application to production. Learn more: https://clerk.com/docs/deployments/overview
[2026-06-08T21:38:53.237Z] [debug] [vite] hot updated: /src/pages/EndpointDetailPage.tsx
[2026-06-08T21:38:53.237Z] [debug] [vite] hot updated: /src/styles/app.css
[2026-06-08T21:38:58.412Z] [debug] [vite] connecting...
[2026-06-08T21:38:58.414Z] [debug] [vite] connected.
[2026-06-08T21:38:58.415Z] [info] %cDownload the React DevTools for a better development experience: https://reactjs.org/link/react-devtools font-weight:bold
[2026-06-08T21:38:58.426Z] [warning] ⚠️ React Router Future Flag Warning: React Router will begin wrapping state updates in `React.startTransition` in v7. You can use the `v7_startTransition` future flag to opt-in early. For more information, see https://reactrouter.com/v6/upgrading/future#v7_starttransition.
[2026-06-08T21:38:58.426Z] [warning] ⚠️ React Router Future Flag Warning: Relative route resolution within Splat routes is changing in v7. You can use the `v7_relativeSplatPath` future flag to opt-in early. For more information, see https://reactrouter.com/v6/upgrading/future#v7_relativesplatpath.
[2026-06-08T21:38:58.627Z] [warning] Clerk: Clerk has been loaded with development keys. Development instances have strict usage limits and should not be used when deploying your application to production. Learn more: https://clerk.com/docs/deployments/overview
[2026-06-08T21:41:07.479Z] [debug] [vite] hot updated: /src/pages/EndpointDetailPage.tsx
[2026-06-08T21:41:07.479Z] [debug] [vite] hot updated: /src/styles/app.css
[2026-06-08T21:41:12.347Z] [debug] [vite] hot updated: /src/pages/EndpointDetailPage.tsx
[2026-06-08T21:41:12.347Z] [debug] [vite] hot updated: /src/styles/app.css
[2026-06-08T21:41:20.020Z] [debug] [vite] hot updated: /src/pages/EndpointDetailPage.tsx
[2026-06-08T21:41:20.020Z] [debug] [vite] hot updated: /src/styles/app.css
[2026-06-08T21:41:35.751Z] [debug] [vite] hot updated: /src/pages/EndpointDetailPage.tsx
[2026-06-08T21:41:35.751Z] [debug] [vite] hot updated: /src/styles/app.css
[2026-06-08T21:41:39.166Z] [debug] [vite] hot updated: /src/pages/EndpointDetailPage.tsx
[2026-06-08T21:41:39.166Z] [debug] [vite] hot updated: /src/styles/app.css
[2026-06-08T21:42:04.000Z] [debug] [vite] connecting...
[2026-06-08T21:42:04.003Z] [debug] [vite] connected.
[2026-06-08T21:42:04.034Z] [info] %cDownload the React DevTools for a better development experience: https://reactjs.org/link/react-devtools font-weight:bold
[2026-06-08T21:42:04.046Z] [warning] ⚠️ React Router Future Flag Warning: React Router will begin wrapping state updates in `React.startTransition` in v7. You can use the `v7_startTransition` future flag to opt-in early. For more information, see https://reactrouter.com/v6/upgrading/future#v7_starttransition.
[2026-06-08T21:42:04.046Z] [warning] ⚠️ React Router Future Flag Warning: Relative route resolution within Splat routes is changing in v7. You can use the `v7_relativeSplatPath` future flag to opt-in early. For more information, see https://reactrouter.com/v6/upgrading/future#v7_relativesplatpath.
[2026-06-08T21:42:04.244Z] [warning] Clerk: Clerk has been loaded with development keys. Development instances have strict usage limits and should not be used when deploying your application to production. Learn more: https://clerk.com/docs/deployments/overview
[2026-06-08T21:43:28.391Z] [debug] [vite] hot updated: /src/pages/EndpointDetailPage.tsx
[2026-06-08T21:43:28.391Z] [debug] [vite] hot updated: /src/styles/app.css
[2026-06-08T21:43:28.412Z] [error] The above error occurred in the <EndpointDetailPage> component:

    at EndpointDetailPage (http://localhost:5173/src/pages/EndpointDetailPage.tsx?t=1780955008355:36:33)
    at RenderedRoute (http://localhost:5173/node_modules/.vite/deps/react-router-dom.js?v=13354843:4122:5)
    at Outlet (http://localhost:5173/node_modules/.vite/deps/react-router-dom.js?v=13354843:4528:26)
    at main
    at div
    at SiteLayout (http://localhost:5173/src/layout/SiteLayout.tsx:20:30)
    at RenderedRoute (http://localhost:5173/node_modules/.vite/deps/react-router-dom.js?v=13354843:4122:5)
    at Routes (http://localhost:5173/node_modules/.vite/deps/react-router-dom.js?v=13354843:4592:5)
    at Suspense
    at AppRoutes
    at App
    at Provider4 (http://localhost:5173/node_modules/.vite/deps/radix-ui.js?v=13354843:349:15)
    at TooltipProvider (http://localhost:5173/node_modules/.vite/deps/radix-ui.js?v=13354843:15768:5)
    at TooltipProvider (http://localhost:5173/src/components/ui/tooltip.tsx:22:3)
    at Router (http://localhost:5173/node_modules/.vite/deps/react-router-dom.js?v=13354843:4535:15)
    at BrowserRouter (http://localhost:5173/node_modules/.vite/deps/react-router-dom.js?v=13354843:5273:5)
    at __experimental_CheckoutProvider (http://localhost:5173/node_modules/.vite/deps/@clerk_react.js?v=13354843:3439:42)
    at InitialStateProvider (http://localhost:5173/node_modules/.vite/deps/@clerk_react.js?v=13354843:3426:33)
    at ClerkContextProvider (http://localhost:5173/node_modules/.vite/deps/@clerk_react.js?v=13354843:4604:23)
    at ClerkProviderBase (http://localhost:5173/node_modules/.vite/deps/@clerk_react.js?v=13354843:8870:11)
    at Hoc (http://localhost:5173/node_modules/.vite/deps/@clerk_react.js?v=13354843:5272:5)

Consider adding an error boundary to your tree to customize error handling behavior.
Visit https://reactjs.org/link/error-boundaries to learn more about error boundaries.
[2026-06-08T21:43:36.905Z] [debug] [vite] hot updated: /src/pages/EndpointDetailPage.tsx
[2026-06-08T21:43:36.905Z] [debug] [vite] hot updated: /src/styles/app.css
[2026-06-08T21:43:36.927Z] [error] The above error occurred in the <EndpointDetailPage> component:

    at EndpointDetailPage (http://localhost:5173/src/pages/EndpointDetailPage.tsx?t=1780955016885:36:33)
    at RenderedRoute (http://localhost:5173/node_modules/.vite/deps/react-router-dom.js?v=13354843:4122:5)
    at Outlet (http://localhost:5173/node_modules/.vite/deps/react-router-dom.js?v=13354843:4528:26)
    at main
    at div
    at SiteLayout (http://localhost:5173/src/layout/SiteLayout.tsx:20:30)
    at RenderedRoute (http://localhost:5173/node_modules/.vite/deps/react-router-dom.js?v=13354843:4122:5)
    at Routes (http://localhost:5173/node_modules/.vite/deps/react-router-dom.js?v=13354843:4592:5)
    at Suspense
    at AppRoutes
    at App
    at Provider4 (http://localhost:5173/node_modules/.vite/deps/radix-ui.js?v=13354843:349:15)
    at TooltipProvider (http://localhost:5173/node_modules/.vite/deps/radix-ui.js?v=13354843:15768:5)
    at TooltipProvider (http://localhost:5173/src/components/ui/tooltip.tsx:22:3)
    at Router (http://localhost:5173/node_modules/.vite/deps/react-router-dom.js?v=13354843:4535:15)
    at BrowserRouter (http://localhost:5173/node_modules/.vite/deps/react-router-dom.js?v=13354843:5273:5)
    at __experimental_CheckoutProvider (http://localhost:5173/node_modules/.vite/deps/@clerk_react.js?v=13354843:3439:42)
    at InitialStateProvider (http://localhost:5173/node_modules/.vite/deps/@clerk_react.js?v=13354843:3426:33)
    at ClerkContextProvider (http://localhost:5173/node_modules/.vite/deps/@clerk_react.js?v=13354843:4604:23)
    at ClerkProviderBase (http://localhost:5173/node_modules/.vite/deps/@clerk_react.js?v=13354843:8870:11)
    at Hoc (http://localhost:5173/node_modules/.vite/deps/@clerk_react.js?v=13354843:5272:5)

Consider adding an error boundary to your tree to customize error handling behavior.
Visit https://reactjs.org/link/error-boundaries to learn more about error boundaries.
[2026-06-08T21:43:45.888Z] [debug] [vite] hot updated: /src/pages/EndpointDetailPage.tsx
[2026-06-08T21:43:45.888Z] [debug] [vite] hot updated: /src/styles/app.css
[2026-06-08T21:43:47.385Z] [debug] [vite] hot updated: /src/styles/app.css
[2026-06-08T21:43:47.397Z] [debug] [vite] hot updated: /src/styles/app.css
[2026-06-08T21:43:51.091Z] [debug] [vite] hot updated: /src/styles/app.css
[2026-06-08T21:43:55.473Z] [debug] [vite] hot updated: /src/styles/app.css
[2026-06-08T21:43:59.039Z] [debug] [vite] hot updated: /src/pages/endpoint-detail/SingleProviderCard.tsx
[2026-06-08T21:43:59.039Z] [debug] [vite] hot updated: /src/styles/app.css
[2026-06-08T21:44:00.107Z] [debug] [vite] hot updated: /src/pages/EndpointDetailPage.tsx
[2026-06-08T21:44:00.107Z] [debug] [vite] hot updated: /src/styles/app.css
[2026-06-08T21:44:13.640Z] [debug] [vite] connecting...
[2026-06-08T21:44:13.641Z] [debug] [vite] connected.
[2026-06-08T21:44:13.675Z] [info] %cDownload the React DevTools for a better development experience: https://reactjs.org/link/react-devtools font-weight:bold
[2026-06-08T21:44:13.688Z] [warning] ⚠️ React Router Future Flag Warning: React Router will begin wrapping state updates in `React.startTransition` in v7. You can use the `v7_startTransition` future flag to opt-in early. For more information, see https://reactrouter.com/v6/upgrading/future#v7_starttransition.
[2026-06-08T21:44:13.688Z] [warning] ⚠️ React Router Future Flag Warning: Relative route resolution within Splat routes is changing in v7. You can use the `v7_relativeSplatPath` future flag to opt-in early. For more information, see https://reactrouter.com/v6/upgrading/future#v7_relativesplatpath.
[2026-06-08T21:44:13.887Z] [warning] Clerk: Clerk has been loaded with development keys. Development instances have strict usage limits and should not be used when deploying your application to production. Learn more: https://clerk.com/docs/deployments/overview
[2026-06-08T21:59:50.350Z] [log] [vite] server connection lost. Polling for restart...
[2026-06-08T21:59:50.435Z] [debug] [vite] connecting...
[2026-06-08T21:59:50.436Z] [debug] [vite] connected.
[2026-06-08T21:59:50.473Z] [info] %cDownload the React DevTools for a better development experience: https://reactjs.org/link/react-devtools font-weight:bold
[2026-06-08T21:59:50.489Z] [warning] ⚠️ React Router Future Flag Warning: React Router will begin wrapping state updates in `React.startTransition` in v7. You can use the `v7_startTransition` future flag to opt-in early. For more information, see https://reactrouter.com/v6/upgrading/future#v7_starttransition.
[2026-06-08T21:59:50.489Z] [warning] ⚠️ React Router Future Flag Warning: Relative route resolution within Splat routes is changing in v7. You can use the `v7_relativeSplatPath` future flag to opt-in early. For more information, see https://reactrouter.com/v6/upgrading/future#v7_relativesplatpath.
[2026-06-08T21:59:50.787Z] [warning] Clerk: Clerk has been loaded with development keys. Development instances have strict usage limits and should not be used when deploying your application to production. Learn more: https://clerk.com/docs/deployments/overview
[2026-06-08T22:00:09.207Z] [log] [vite] server connection lost. Polling for restart...
[2026-06-08T22:00:09.261Z] [debug] [vite] connecting...
[2026-06-08T22:00:09.265Z] [debug] [vite] connected.
[2026-06-08T22:00:09.270Z] [info] %cDownload the React DevTools for a better development experience: https://reactjs.org/link/react-devtools font-weight:bold
[2026-06-08T22:00:09.280Z] [warning] ⚠️ React Router Future Flag Warning: React Router will begin wrapping state updates in `React.startTransition` in v7. You can use the `v7_startTransition` future flag to opt-in early. For more information, see https://reactrouter.com/v6/upgrading/future#v7_starttransition.
[2026-06-08T22:00:09.280Z] [warning] ⚠️ React Router Future Flag Warning: Relative route resolution within Splat routes is changing in v7. You can use the `v7_relativeSplatPath` future flag to opt-in early. For more information, see https://reactrouter.com/v6/upgrading/future#v7_relativesplatpath.
[2026-06-08T22:00:09.680Z] [warning] Clerk: Clerk has been loaded with development keys. Development instances have strict usage limits and should not be used when deploying your application to production. Learn more: https://clerk.com/docs/deployments/overview
[2026-06-08T22:02:24.548Z] [log] [vite] server connection lost. Polling for restart...
[2026-06-08T22:02:24.622Z] [debug] [vite] connecting...
[2026-06-08T22:02:24.623Z] [debug] [vite] connected.
[2026-06-08T22:02:24.662Z] [info] %cDownload the React DevTools for a better development experience: https://reactjs.org/link/react-devtools font-weight:bold
[2026-06-08T22:02:24.675Z] [warning] ⚠️ React Router Future Flag Warning: React Router will begin wrapping state updates in `React.startTransition` in v7. You can use the `v7_startTransition` future flag to opt-in early. For more information, see https://reactrouter.com/v6/upgrading/future#v7_starttransition.
[2026-06-08T22:02:24.675Z] [warning] ⚠️ React Router Future Flag Warning: Relative route resolution within Splat routes is changing in v7. You can use the `v7_relativeSplatPath` future flag to opt-in early. For more information, see https://reactrouter.com/v6/upgrading/future#v7_relativesplatpath.
[2026-06-08T22:02:24.976Z] [warning] Clerk: Clerk has been loaded with development keys. Development instances have strict usage limits and should not be used when deploying your application to production. Learn more: https://clerk.com/docs/deployments/overview
